<?xml version="1.0" encoding="UTF-8"?>
<testng-results skipped="0" failed="0" total="2" passed="2">
  <reporter-output>
  </reporter-output>
  <suite name="Suite" duration-ms="23471" started-at="2021-04-21T20:34:56Z" finished-at="2021-04-21T20:35:20Z">
    <groups>
    </groups>
    <test name="LoginTest" duration-ms="23471" started-at="2021-04-21T20:34:56Z" finished-at="2021-04-21T20:35:20Z">
      <class name="tests.LoginTests">
        <test-method status="PASS" signature="setup()[pri:0, instance:tests.LoginTests@735f7ae5]" name="setup" is-config="true" duration-ms="8324" started-at="2021-04-21T23:34:56Z" finished-at="2021-04-21T23:35:05Z">
          <reporter-output>
          </reporter-output>
        </test-method> <!-- setup -->
        <test-method status="PASS" signature="invalidLoginTest_InvalidUserNameInvalidPassword()[pri:0, instance:tests.LoginTests@735f7ae5]" name="invalidLoginTest_InvalidUserNameInvalidPassword" duration-ms="8532" started-at="2021-04-21T23:35:05Z" finished-at="2021-04-21T23:35:13Z">
          <reporter-output>
          </reporter-output>
        </test-method> <!-- invalidLoginTest_InvalidUserNameInvalidPassword -->
        <test-method status="PASS" signature="invalidLoginTest_EmptyUserEmptyPassword()[pri:0, instance:tests.LoginTests@735f7ae5]" name="invalidLoginTest_EmptyUserEmptyPassword" duration-ms="5630" started-at="2021-04-21T23:35:13Z" finished-at="2021-04-21T23:35:19Z">
          <reporter-output>
          </reporter-output>
        </test-method> <!-- invalidLoginTest_EmptyUserEmptyPassword -->
        <test-method status="PASS" signature="teardown()[pri:0, instance:tests.LoginTests@735f7ae5]" name="teardown" is-config="true" duration-ms="975" started-at="2021-04-21T23:35:19Z" finished-at="2021-04-21T23:35:20Z">
          <reporter-output>
          </reporter-output>
        </test-method> <!-- teardown -->
      </class> <!-- tests.LoginTests -->
    </test> <!-- LoginTest -->
  </suite> <!-- Suite -->
</testng-results>
