<?xml version="1.0" encoding="UTF-8"?>
<testsuite xmlns:xsi="http://www.w3.org/2001/XMLSchema-instance" xsi:schemaLocation="https://maven.apache.org/surefire/maven-surefire-plugin/xsd/surefire-test-report.xsd" name="TestSuite" time="17.899" tests="2" errors="0" skipped="0" failures="1">
  <properties>
[...]
</properties>
  <testcase name="invalidLoginTest_InvalidUserNameInvalidPassword" classname="tests.LoginTests" time="7.682">
    <failure message="expected [Hatalı kullanıcı adı veya şifre.] but found [auth microservisindeki undefined geçici olarak erişimini kapalı. Lütfen daha sonra Tekrar deneyiniz! Hata kodu: 500]" type="java.lang.AssertionError">java.lang.AssertionError: expected [Hatalı kullanıcı adı veya şifre.] but found [auth microservisindeki undefined geçici olarak erişimini kapalı. Lütfen daha sonra Tekrar deneyiniz! Hata kodu: 500]
	at tests.LoginTests.invalidLoginTest_InvalidUserNameInvalidPassword(LoginTests.java:23)
</failure>
    <system-err><![CDATA[1619044327638	geckodriver	INFO	Listening on 127.0.0.1:44677
1619044328228	mozrunner::runner	INFO	Running command: "C:\\Program Files\\Mozilla Firefox\\firefox.exe" "--marionette" "-headless" "-foreground" "-no-remote" "-profile" "C:\\Users\\MERTDO~1\\AppData\\Local\\Temp\\rust_mozprofileZCW4Nj"
*** You are running in headless mode.
console.warn: SearchSettings: "get: No settings file exists, new profile?" (new Error("", "(unknown module)"))
1619044330268	Marionette	INFO	Listening on port 64247
1619044330395	Marionette	WARN	TLS certificate errors will be ignored for this session
Nis 22, 2021 1:32:10 ÖÖ org.openqa.selenium.remote.ProtocolHandshake createSession
INFO: Detected dialect: W3C
]]></system-err>
  </testcase>
  <testcase name="invalidLoginTest_EmptyUserEmptyPassword" classname="tests.LoginTests" time="5.515"/>
</testsuite>