-------------------------------------------------------------------------------
Test set: TestSuite
-------------------------------------------------------------------------------
Tests run: 2, Failures: 1, Errors: 0, Skipped: 0, Time elapsed: 17.899 sec <<< FAILURE! - in TestSuite
invalidLoginTest_InvalidUserNameInvalidPassword(tests.LoginTests)  Time elapsed: 7.682 sec  <<< FAILURE!
java.lang.AssertionError: expected [Hatalı kullanıcı adı veya şifre.] but found [auth microservisindeki undefined geçici olarak erişimini kapalı. Lütfen daha sonra Tekrar deneyiniz! Hata kodu: 500]
	at tests.LoginTests.invalidLoginTest_InvalidUserNameInvalidPassword(LoginTests.java:23)

